begin
CONFIG_GENERIC_TIME=y
CONFIG_GENERIC_HARDIRQS_NO__DO_IRQ=y
CONFIG_CONSTRUCTORS=y
CONFIG_LOCK_KERNEL=y
CONFIG_TREE_RCU=y
CONFIG_GROUP_SCHED=y
CONFIG_MACH_M726=y
CONFIG_CPU_32=y
CONFIG_HAS_TLS_REG=y
CONFIG_COMMON_CLKDEV=y
CONFIG_HAVE_MLOCK=y
CONFIG_HAVE_MLOCKED_PAGE_BIT=y
CONFIG_KEXEC=y
CONFIG_ATAGS_PROC=y
CONFIG_CONSOLE_EARLYSUSPEND=y
CONFIG_IP_FIB_HASH=y
CONFIG_INET_XFRM_MODE_BEET=y
CONFIG_RFKILL=y
CONFIG_MTD_PARTITIONS=y
CONFIG_BCM43X9=y
CONFIG_TOUCHSCREEN_FT5301=y
CONFIG_INPUT_GPIO=y
CONFIG_CONSOLE_TRANSLATIONS=y
CONFIG_RK_HEADSET_DET=y
CONFIG_BATTERY_RK2918_NEW=y
CONFIG_VIDEO_ALLOW_V4L1=y
CONFIG_VIDEO_V4L1_COMPAT=y
CONFIG_VIDEO_V4L1=y
CONFIG_LCD_HSD070IDW1=y
CONFIG_FRAMEBUFFER_CONSOLE=y
CONFIG_FONTS=y
CONFIG_FONT_8x16=y
CONFIG_SND_RK29_SOC_WM8900=y
CONFIG_SND_SOC_WM8900=y
CONFIG_USB_HIDDEV=y
CONFIG_USB_ANDROID=y
CONFIG_USB_ANDROID_ADB=y
CONFIG_USB_ANDROID_MASS_STORAGE=y
CONFIG_MMC_BLOCK_DEFERRED_RESUME=y
CONFIG_ANDROID_RAM_CONSOLE=y
CONFIG_ANDROID_RAM_CONSOLE_ENABLE_VERBOSE=y
CONFIG_ANDROID_RAM_CONSOLE_ERROR_CORRECTION=y
CONFIG_EXT3_FS_XATTR=y
CONFIG_FS_MBCACHE=y
CONFIG_INOTIFY=y
CONFIG_YAFFS_FS=y
CONFIG_YAFFS_YAFFS1=y
CONFIG_YAFFS_YAFFS2=y
CONFIG_YAFFS_AUTO_YAFFS2=y
CONFIG_YAFFS_SHORT_NAMES_IN_RAM=y
CONFIG_DETECT_SOFTLOCKUP=y
CONFIG_DEBUG_ERRORS=y
CONFIG_CRYPTO_PCOMP=y
CONFIG_GENERIC_FIND_LAST_BIT=y
CONFIG_REED_SOLOMON=y
CONFIG_REED_SOLOMON_ENC8=y
CONFIG_REED_SOLOMON_DEC8=y
